#
# There is insufficient memory for the Java Runtime Environment to continue.
# Native memory allocation (malloc) failed to allocate 2086320 bytes. Error detail: Chunk::new
# Possible reasons:
#   The system is out of physical RAM or swap space
#   This process is running with CompressedOops enabled, and the Java Heap may be blocking the growth of the native heap
# Possible solutions:
#   Reduce memory load on the system
#   Increase physical memory or swap space
#   Check if swap backing store is full
#   Decrease Java heap size (-Xmx/-Xms)
#   Decrease number of Java threads
#   Decrease Java thread stack sizes (-Xss)
#   Set larger code cache with -XX:ReservedCodeCacheSize=
#   JVM is running with Zero Based Compressed Oops mode in which the Java heap is
#     placed in the first 32GB address space. The Java Heap base address is the
#     maximum limit for the native heap growth. Please use -XX:HeapBaseMinAddress
#     to set the Java Heap base and to place the Java Heap above 32GB virtual address.
# This output file may be truncated or incomplete.
#
#  Out of Memory Error (arena.cpp:191), pid=17968, tid=8252
#
# JRE version: OpenJDK Runtime Environment (17.0.11) (build 17.0.11+0--11852314)
# Java VM: OpenJDK 64-Bit Server VM (17.0.11+0--11852314, mixed mode, tiered, compressed oops, compressed class ptrs, g1 gc, windows-amd64)
# No core dump will be written. Minidumps are not enabled by default on client versions of Windows
#

---------------  S U M M A R Y ------------

Command Line: org.jetbrains.kotlin.cli.jvm.K2JVMCompiler @C:\Users\Mturee\AndroidStudioProjects\Melicious\app\build\20241101_14436907011061431979.compiler.options

Host: Intel(R) Core(TM) i5-7300U CPU @ 2.60GHz, 4 cores, 15G,  Windows 10 , 64 bit Build 19041 (10.0.19041.4957)
Time: Fri Nov  1 11:00:55 2024 E. Africa Standard Time elapsed time: 39.738526 seconds (0d 0h 0m 39s)

---------------  T H R E A D  ---------------

Current thread (0x000002221c7ce6f0):  JavaThread "C2 CompilerThread1" daemon [_thread_in_native, id=8252, stack(0x00000096dec00000,0x00000096ded00000)]


Current CompileTask:
C2:  39738 11027       4       org.jetbrains.kotlin.ir.util.IrFakeOverrideUtilsKt::collectAndFilterRealOverrides$collectRealOverrides (157 bytes)

Stack: [0x00000096dec00000,0x00000096ded00000]
Native frames: (J=compiled Java code, j=interpreted, Vv=VM code, C=native code)
V  [jvm.dll+0x687bb9]
V  [jvm.dll+0x84142a]
V  [jvm.dll+0x8430ae]
V  [jvm.dll+0x843713]
V  [jvm.dll+0x24a35f]
V  [jvm.dll+0xac544]
V  [jvm.dll+0xacb8c]
V  [jvm.dll+0x369c37]
V  [jvm.dll+0x33416a]
V  [jvm.dll+0x33360a]
V  [jvm.dll+0x21bed1]
V  [jvm.dll+0x21b311]
V  [jvm.dll+0x1a63ed]
V  [jvm.dll+0x22b1ee]
V  [jvm.dll+0x229375]
V  [jvm.dll+0x7f5647]
V  [jvm.dll+0x7efa4a]
V  [jvm.dll+0x686a35]
C  [ucrtbase.dll+0x21bb2]
C  [KERNEL32.DLL+0x17374]
C  [ntdll.dll+0x4cc91]


---------------  P R O C E S S  ---------------

Threads class SMR info:
_java_thread_list=0x000002221c70f2c0, length=13, elements={
0x000002227762e420, 0x000002221b031630, 0x000002221b0323c0, 0x000002221b080210,
0x000002221b081cf0, 0x000002221b085170, 0x000002221b085a40, 0x000002221b086e90,
0x000002221b09cf70, 0x000002221b0a07d0, 0x000002221b206ad0, 0x000002221b20b680,
0x000002221c7ce6f0
}

Java Threads: ( => current thread )
  0x000002227762e420 JavaThread "main" [_thread_in_Java, id=9224, stack(0x00000096dd500000,0x00000096dd600000)]
  0x000002221b031630 JavaThread "Reference Handler" daemon [_thread_blocked, id=12604, stack(0x00000096ddc00000,0x00000096ddd00000)]
  0x000002221b0323c0 JavaThread "Finalizer" daemon [_thread_blocked, id=17020, stack(0x00000096ddd00000,0x00000096dde00000)]
  0x000002221b080210 JavaThread "Signal Dispatcher" daemon [_thread_blocked, id=16792, stack(0x00000096dde00000,0x00000096ddf00000)]
  0x000002221b081cf0 JavaThread "Attach Listener" daemon [_thread_blocked, id=15200, stack(0x00000096ddf00000,0x00000096de000000)]
  0x000002221b085170 JavaThread "Service Thread" daemon [_thread_blocked, id=16868, stack(0x00000096de000000,0x00000096de100000)]
  0x000002221b085a40 JavaThread "Monitor Deflation Thread" daemon [_thread_blocked, id=8616, stack(0x00000096de100000,0x00000096de200000)]
  0x000002221b086e90 JavaThread "C2 CompilerThread0" daemon [_thread_in_native, id=10800, stack(0x00000096de200000,0x00000096de300000)]
  0x000002221b09cf70 JavaThread "C1 CompilerThread0" daemon [_thread_blocked, id=7608, stack(0x00000096de300000,0x00000096de400000)]
  0x000002221b0a07d0 JavaThread "Sweeper thread" daemon [_thread_blocked, id=4284, stack(0x00000096de400000,0x00000096de500000)]
  0x000002221b206ad0 JavaThread "Notification Thread" daemon [_thread_blocked, id=3904, stack(0x00000096de500000,0x00000096de600000)]
  0x000002221b20b680 JavaThread "Common-Cleaner" daemon [_thread_blocked, id=16908, stack(0x00000096de700000,0x00000096de800000)]
=>0x000002221c7ce6f0 JavaThread "C2 CompilerThread1" daemon [_thread_in_native, id=8252, stack(0x00000096dec00000,0x00000096ded00000)]

Other Threads:
  0x000002227e7df550 VMThread "VM Thread" [stack: 0x00000096ddb00000,0x00000096ddc00000] [id=2240]
  0x000002221b206fb0 WatcherThread [stack: 0x00000096de600000,0x00000096de700000] [id=992]
  0x0000022277698440 GCTaskThread "GC Thread#0" [stack: 0x00000096dd600000,0x00000096dd700000] [id=9604]
  0x000002221b5e6960 GCTaskThread "GC Thread#1" [stack: 0x00000096de800000,0x00000096de900000] [id=14452]
  0x000002221b5e6c20 GCTaskThread "GC Thread#2" [stack: 0x00000096de900000,0x00000096dea00000] [id=8184]
  0x000002221b5e6ee0 GCTaskThread "GC Thread#3" [stack: 0x00000096dea00000,0x00000096deb00000] [id=15236]
  0x00000222776a9020 ConcurrentGCThread "G1 Main Marker" [stack: 0x00000096dd700000,0x00000096dd800000] [id=16288]
  0x00000222776a9950 ConcurrentGCThread "G1 Conc#0" [stack: 0x00000096dd800000,0x00000096dd900000] [id=18400]
  0x00000222776e9c80 ConcurrentGCThread "G1 Refine#0" [stack: 0x00000096dd900000,0x00000096dda00000] [id=7528]
  0x000002221c3d3040 ConcurrentGCThread "G1 Refine#1" [stack: 0x00000096deb00000,0x00000096dec00000] [id=10384]
  0x000002221c7f3930 ConcurrentGCThread "G1 Refine#2" [stack: 0x00000096ded00000,0x00000096dee00000] [id=860]
  0x000002227e692b20 ConcurrentGCThread "G1 Service" [stack: 0x00000096dda00000,0x00000096ddb00000] [id=964]

Threads with active compile tasks:
C2 CompilerThread0    39779 11057       4       org.jetbrains.kotlin.backend.common.lower.DefaultArgumentFunctionFactory::findBaseFunctionWithDefaultArgumentsFor$dfsImpl (253 bytes)
C2 CompilerThread1    39779 11027       4       org.jetbrains.kotlin.ir.util.IrFakeOverrideUtilsKt::collectAndFilterRealOverrides$collectRealOverrides (157 bytes)

VM state: not at safepoint (normal execution)

VM Mutex/Monitor currently owned by a thread: None

Heap address: 0x0000000702800000, size: 4056 MB, Compressed Oops mode: Zero based, Oop shift amount: 3

CDS archive(s) not mapped
Compressed class space mapped at: 0x0000000800000000-0x0000000840000000, reserved size: 1073741824
Narrow klass base: 0x0000000800000000, Narrow klass shift: 0, Narrow klass range: 0x40000000

GC Precious Log:
 CPUs: 4 total, 4 available
 Memory: 16223M
 Large Page Support: Disabled
 NUMA Support: Disabled
 Compressed Oops: Enabled (Zero based)
 Heap Region Size: 2M
 Heap Min Capacity: 8M
 Heap Initial Capacity: 254M
 Heap Max Capacity: 4056M
 Pre-touch: Disabled
 Parallel Workers: 4
 Concurrent Workers: 1
 Concurrent Refinement Workers: 4
 Periodic GC: Disabled

Heap:
 garbage-first heap   total 155648K, used 87021K [0x0000000702800000, 0x0000000800000000)
  region size 2048K, 10 young (20480K), 3 survivors (6144K)
 Metaspace       used 77322K, committed 77632K, reserved 1179648K
  class space    used 8906K, committed 9024K, reserved 1048576K

Heap Regions: E=young(eden), S=young(survivor), O=old, HS=humongous(starts), HC=humongous(continues), CS=collection set, F=free, OA=open archive, CA=closed archive, TAMS=top-at-mark-start (previous, next)
|   0|0x0000000702800000, 0x0000000702a00000, 0x0000000702a00000|100%|HS|  |TAMS 0x0000000702a00000, 0x0000000702800000| Complete 
|   1|0x0000000702a00000, 0x0000000702c00000, 0x0000000702c00000|100%|HC|  |TAMS 0x0000000702c00000, 0x0000000702a00000| Complete 
|   2|0x0000000702c00000, 0x0000000702de0400, 0x0000000702e00000| 93%| O|  |TAMS 0x0000000702de0400, 0x0000000702c00000| Untracked 
|   3|0x0000000702e00000, 0x0000000703000000, 0x0000000703000000|100%| O|  |TAMS 0x0000000703000000, 0x0000000702e00000| Untracked 
|   4|0x0000000703000000, 0x0000000703200000, 0x0000000703200000|100%| O|  |TAMS 0x0000000703200000, 0x0000000703000000| Untracked 
|   5|0x0000000703200000, 0x0000000703400000, 0x0000000703400000|100%| O|  |TAMS 0x0000000703400000, 0x0000000703200000| Untracked 
|   6|0x0000000703400000, 0x0000000703600000, 0x0000000703600000|100%| O|  |TAMS 0x0000000703600000, 0x0000000703400000| Untracked 
|   7|0x0000000703600000, 0x0000000703800000, 0x0000000703800000|100%|HS|  |TAMS 0x0000000703800000, 0x0000000703600000| Complete 
|   8|0x0000000703800000, 0x0000000703a00000, 0x0000000703a00000|100%| O|  |TAMS 0x0000000703a00000, 0x0000000703800000| Untracked 
|   9|0x0000000703a00000, 0x0000000703c00000, 0x0000000703c00000|100%| O|  |TAMS 0x0000000703c00000, 0x0000000703a00000| Untracked 
|  10|0x0000000703c00000, 0x0000000703e00000, 0x0000000703e00000|100%| O|  |TAMS 0x0000000703e00000, 0x0000000703c00000| Untracked 
|  11|0x0000000703e00000, 0x0000000704000000, 0x0000000704000000|100%| O|  |TAMS 0x0000000704000000, 0x0000000703e00000| Untracked 
|  12|0x0000000704000000, 0x0000000704200000, 0x0000000704200000|100%| O|  |TAMS 0x0000000704200000, 0x0000000704000000| Untracked 
|  13|0x0000000704200000, 0x0000000704400000, 0x0000000704400000|100%| O|  |TAMS 0x0000000704400000, 0x0000000704200000| Untracked 
|  14|0x0000000704400000, 0x0000000704600000, 0x0000000704600000|100%| O|  |TAMS 0x0000000704600000, 0x0000000704400000| Untracked 
|  15|0x0000000704600000, 0x0000000704800000, 0x0000000704800000|100%| O|  |TAMS 0x0000000704800000, 0x0000000704600000| Untracked 
|  16|0x0000000704800000, 0x0000000704a00000, 0x0000000704a00000|100%| O|  |TAMS 0x0000000704a00000, 0x0000000704800000| Untracked 
|  17|0x0000000704a00000, 0x0000000704c00000, 0x0000000704c00000|100%| O|  |TAMS 0x0000000704c00000, 0x0000000704a00000| Untracked 
|  18|0x0000000704c00000, 0x0000000704e00000, 0x0000000704e00000|100%| O|  |TAMS 0x0000000704e00000, 0x0000000704c00000| Untracked 
|  19|0x0000000704e00000, 0x0000000705000000, 0x0000000705000000|100%| O|  |TAMS 0x0000000705000000, 0x0000000704e00000| Untracked 
|  20|0x0000000705000000, 0x0000000705200000, 0x0000000705200000|100%| O|  |TAMS 0x0000000705200000, 0x0000000705000000| Untracked 
|  21|0x0000000705200000, 0x0000000705400000, 0x0000000705400000|100%| O|  |TAMS 0x0000000705400000, 0x0000000705200000| Untracked 
|  22|0x0000000705400000, 0x0000000705600000, 0x0000000705600000|100%| O|  |TAMS 0x0000000705526200, 0x0000000705400000| Untracked 
|  23|0x0000000705600000, 0x0000000705800000, 0x0000000705800000|100%| O|  |TAMS 0x0000000705600000, 0x0000000705600000| Untracked 
|  24|0x0000000705800000, 0x0000000705a00000, 0x0000000705a00000|100%| O|  |TAMS 0x0000000705800000, 0x0000000705800000| Untracked 
|  25|0x0000000705a00000, 0x0000000705c00000, 0x0000000705c00000|100%| O|  |TAMS 0x0000000705a00000, 0x0000000705a00000| Untracked 
|  26|0x0000000705c00000, 0x0000000705e00000, 0x0000000705e00000|100%| O|  |TAMS 0x0000000705c00000, 0x0000000705c00000| Untracked 
|  27|0x0000000705e00000, 0x0000000706000000, 0x0000000706000000|100%| O|  |TAMS 0x0000000705e00000, 0x0000000705e00000| Untracked 
|  28|0x0000000706000000, 0x0000000706200000, 0x0000000706200000|100%| O|  |TAMS 0x0000000706000000, 0x0000000706000000| Untracked 
|  29|0x0000000706200000, 0x0000000706400000, 0x0000000706400000|100%| O|  |TAMS 0x0000000706200000, 0x0000000706200000| Untracked 
|  30|0x0000000706400000, 0x0000000706600000, 0x0000000706600000|100%| O|  |TAMS 0x0000000706400000, 0x0000000706400000| Untracked 
|  31|0x0000000706600000, 0x0000000706800000, 0x0000000706800000|100%| O|  |TAMS 0x0000000706600000, 0x0000000706600000| Untracked 
|  32|0x0000000706800000, 0x0000000706a00000, 0x0000000706a00000|100%| O|  |TAMS 0x0000000706800000, 0x0000000706800000| Untracked 
|  33|0x0000000706a00000, 0x0000000706b8b800, 0x0000000706c00000| 77%| O|  |TAMS 0x0000000706a00000, 0x0000000706a00000| Untracked 
|  34|0x0000000706c00000, 0x0000000706c00000, 0x0000000706e00000|  0%| F|  |TAMS 0x0000000706c00000, 0x0000000706c00000| Untracked 
|  35|0x0000000706e00000, 0x0000000706e00000, 0x0000000707000000|  0%| F|  |TAMS 0x0000000706e00000, 0x0000000706e00000| Untracked 
|  36|0x0000000707000000, 0x0000000707000000, 0x0000000707200000|  0%| F|  |TAMS 0x0000000707000000, 0x0000000707000000| Untracked 
|  37|0x0000000707200000, 0x0000000707200000, 0x0000000707400000|  0%| F|  |TAMS 0x0000000707200000, 0x0000000707200000| Untracked 
|  38|0x0000000707400000, 0x0000000707400000, 0x0000000707600000|  0%| F|  |TAMS 0x0000000707400000, 0x0000000707400000| Untracked 
|  39|0x0000000707600000, 0x0000000707600000, 0x0000000707800000|  0%| F|  |TAMS 0x0000000707600000, 0x0000000707600000| Untracked 
|  40|0x0000000707800000, 0x0000000707800000, 0x0000000707a00000|  0%| F|  |TAMS 0x0000000707800000, 0x0000000707800000| Untracked 
|  41|0x0000000707a00000, 0x0000000707a00000, 0x0000000707c00000|  0%| F|  |TAMS 0x0000000707a00000, 0x0000000707a00000| Untracked 
|  42|0x0000000707c00000, 0x0000000707c00000, 0x0000000707e00000|  0%| F|  |TAMS 0x0000000707c00000, 0x0000000707c00000| Untracked 
|  43|0x0000000707e00000, 0x0000000707e00000, 0x0000000708000000|  0%| F|  |TAMS 0x0000000707e00000, 0x0000000707e00000| Untracked 
|  44|0x0000000708000000, 0x0000000708000000, 0x0000000708200000|  0%| F|  |TAMS 0x0000000708000000, 0x0000000708000000| Untracked 
|  45|0x0000000708200000, 0x0000000708200000, 0x0000000708400000|  0%| F|  |TAMS 0x0000000708200000, 0x0000000708200000| Untracked 
|  46|0x0000000708400000, 0x0000000708400000, 0x0000000708600000|  0%| F|  |TAMS 0x0000000708400000, 0x0000000708400000| Untracked 
|  47|0x0000000708600000, 0x0000000708600000, 0x0000000708800000|  0%| F|  |TAMS 0x0000000708600000, 0x0000000708600000| Untracked 
|  48|0x0000000708800000, 0x0000000708800000, 0x0000000708a00000|  0%| F|  |TAMS 0x0000000708800000, 0x0000000708800000| Untracked 
|  49|0x0000000708a00000, 0x0000000708b8f840, 0x0000000708c00000| 78%| S|CS|TAMS 0x0000000708a00000, 0x0000000708a00000| Complete 
|  50|0x0000000708c00000, 0x0000000708e00000, 0x0000000708e00000|100%| S|CS|TAMS 0x0000000708c00000, 0x0000000708c00000| Complete 
|  51|0x0000000708e00000, 0x0000000709000000, 0x0000000709000000|100%| S|CS|TAMS 0x0000000708e00000, 0x0000000708e00000| Complete 
|  52|0x0000000709000000, 0x0000000709000000, 0x0000000709200000|  0%| F|  |TAMS 0x0000000709000000, 0x0000000709000000| Untracked 
|  53|0x0000000709200000, 0x0000000709200000, 0x0000000709400000|  0%| F|  |TAMS 0x0000000709200000, 0x0000000709200000| Untracked 
|  54|0x0000000709400000, 0x0000000709400000, 0x0000000709600000|  0%| F|  |TAMS 0x0000000709400000, 0x0000000709400000| Untracked 
|  55|0x0000000709600000, 0x0000000709600000, 0x0000000709800000|  0%| F|  |TAMS 0x0000000709600000, 0x0000000709600000| Untracked 
|  56|0x0000000709800000, 0x0000000709800000, 0x0000000709a00000|  0%| F|  |TAMS 0x0000000709800000, 0x0000000709800000| Untracked 
|  57|0x0000000709a00000, 0x0000000709a00000, 0x0000000709c00000|  0%| F|  |TAMS 0x0000000709a00000, 0x0000000709a00000| Untracked 
|  58|0x0000000709c00000, 0x0000000709c00000, 0x0000000709e00000|  0%| F|  |TAMS 0x0000000709c00000, 0x0000000709c00000| Untracked 
|  59|0x0000000709e00000, 0x0000000709e00000, 0x000000070a000000|  0%| F|  |TAMS 0x0000000709e00000, 0x0000000709e00000| Untracked 
|  60|0x000000070a000000, 0x000000070a000000, 0x000000070a200000|  0%| F|  |TAMS 0x000000070a000000, 0x000000070a000000| Untracked 
|  61|0x000000070a200000, 0x000000070a200000, 0x000000070a400000|  0%| F|  |TAMS 0x000000070a200000, 0x000000070a200000| Untracked 
|  62|0x000000070a400000, 0x000000070a400000, 0x000000070a600000|  0%| F|  |TAMS 0x000000070a400000, 0x000000070a400000| Untracked 
|  63|0x000000070a600000, 0x000000070a600000, 0x000000070a800000|  0%| F|  |TAMS 0x000000070a600000, 0x000000070a600000| Untracked 
|  64|0x000000070a800000, 0x000000070a800000, 0x000000070aa00000|  0%| F|  |TAMS 0x000000070a800000, 0x000000070a800000| Untracked 
|  65|0x000000070aa00000, 0x000000070aa00000, 0x000000070ac00000|  0%| F|  |TAMS 0x000000070aa00000, 0x000000070aa00000| Untracked 
|  66|0x000000070ac00000, 0x000000070ac00000, 0x000000070ae00000|  0%| F|  |TAMS 0x000000070ac00000, 0x000000070ac00000| Untracked 
|  67|0x000000070ae00000, 0x000000070ae00000, 0x000000070b000000|  0%| F|  |TAMS 0x000000070ae00000, 0x000000070ae00000| Untracked 
|  68|0x000000070b000000, 0x000000070b000000, 0x000000070b200000|  0%| F|  |TAMS 0x000000070b000000, 0x000000070b000000| Untracked 
|  69|0x000000070b200000, 0x000000070b2d5370, 0x000000070b400000| 41%| E|  |TAMS 0x000000070b200000, 0x000000070b200000| Complete 
|  70|0x000000070b400000, 0x000000070b600000, 0x000000070b600000|100%| E|CS|TAMS 0x000000070b400000, 0x000000070b400000| Complete 
|  71|0x000000070b600000, 0x000000070b800000, 0x000000070b800000|100%| E|CS|TAMS 0x000000070b600000, 0x000000070b600000| Complete 
| 108|0x0000000710000000, 0x0000000710200000, 0x0000000710200000|100%| E|CS|TAMS 0x0000000710000000, 0x0000000710000000| Complete 
| 109|0x0000000710200000, 0x0000000710400000, 0x0000000710400000|100%| E|CS|TAMS 0x0000000710200000, 0x0000000710200000| Complete 
| 110|0x0000000710400000, 0x0000000710600000, 0x0000000710600000|100%| E|CS|TAMS 0x0000000710400000, 0x0000000710400000| Complete 
| 126|0x0000000712400000, 0x0000000712600000, 0x0000000712600000|100%| E|CS|TAMS 0x0000000712400000, 0x0000000712400000| Complete 

Card table byte_map: [0x000002227b300000,0x000002227baf0000] _byte_map_base: 0x0000022277aec000

Marking Bits (Prev, Next): (CMBitMap*) 0x0000022277698970, (CMBitMap*) 0x00000222776989b0
 Prev Bits: [0x000002220f000000, 0x0000022212f60000)
 Next Bits: [0x0000022212f60000, 0x0000022216ec0000)

Polling page: 0x00000222755e0000

Metaspace:

Usage:
  Non-class:     66.81 MB used.
      Class:      8.70 MB used.
       Both:     75.51 MB used.

Virtual space:
  Non-class space:      128.00 MB reserved,      67.00 MB ( 52%) committed,  2 nodes.
      Class space:        1.00 GB reserved,       8.81 MB ( <1%) committed,  1 nodes.
             Both:        1.12 GB reserved,      75.81 MB (  7%) committed. 

Chunk freelists:
   Non-Class:  12.84 MB
       Class:  7.20 MB
        Both:  20.05 MB

MaxMetaspaceSize: unlimited
CompressedClassSpaceSize: 1.00 GB
Initial GC threshold: 21.00 MB
Current GC threshold: 110.44 MB
CDS: off
MetaspaceReclaimPolicy: balanced
 - commit_granule_bytes: 65536.
 - commit_granule_words: 8192.
 - virtual_space_node_default_size: 8388608.
 - enlarge_chunks_in_place: 1.
 - new_chunks_are_fully_committed: 0.
 - uncommit_free_chunks: 1.
 - use_allocation_guard: 0.
 - handle_deallocations: 1.


Internal statistics:

num_allocs_failed_limit: 12.
num_arena_births: 312.
num_arena_deaths: 0.
num_vsnodes_births: 3.
num_vsnodes_deaths: 0.
num_space_committed: 1211.
num_space_uncommitted: 0.
num_chunks_returned_to_freelist: 12.
num_chunks_taken_from_freelist: 2768.
num_chunk_merges: 12.
num_chunk_splits: 2282.
num_chunks_enlarged: 2035.
num_inconsistent_stats: 0.

CodeHeap 'non-profiled nmethods': size=120000Kb used=6068Kb max_used=6068Kb free=113931Kb
 bounds [0x0000022207ad0000, 0x00000222080c0000, 0x000002220f000000]
CodeHeap 'profiled nmethods': size=120000Kb used=24898Kb max_used=24898Kb free=95101Kb
 bounds [0x0000022200000000, 0x0000022201860000, 0x0000022207530000]
CodeHeap 'non-nmethods': size=5760Kb used=1373Kb max_used=1447Kb free=4387Kb
 bounds [0x0000022207530000, 0x00000222077a0000, 0x0000022207ad0000]
 total_blobs=9936 nmethods=9242 adapters=601
 compilation: enabled
              stopped_count=0, restarted_count=0
 full_count=0

Compilation events (20 events):
Event: 39.703 Thread 0x000002221b09cf70 11092       3       java.lang.Integer::toString (55 bytes)
Event: 39.704 Thread 0x000002221b09cf70 nmethod 11092 0x0000022201840710 code [0x00000222018408e0, 0x0000022201840c78]
Event: 39.704 Thread 0x000002221b09cf70 11093       1       org.jetbrains.kotlin.ir.declarations.impl.IrPropertyCommonImpl::getOrigin (5 bytes)
Event: 39.704 Thread 0x000002221b09cf70 nmethod 11093 0x00000222080bc890 code [0x00000222080bca20, 0x00000222080bcaf8]
Event: 39.705 Thread 0x000002221b09cf70 11094       3       org.jetbrains.kotlin.ir.visitors.IrElementTransformerVoid::visitFieldAccess (16 bytes)
Event: 39.706 Thread 0x000002221b09cf70 nmethod 11094 0x0000022201840e10 code [0x0000022201841020, 0x00000222018416a8]
Event: 39.706 Thread 0x000002221b09cf70 11096       3       org.jetbrains.kotlin.ir.visitors.IrElementTransformerVoid::visitValueAccess (16 bytes)
Event: 39.706 Thread 0x000002221b09cf70 nmethod 11096 0x0000022201841910 code [0x0000022201841b20, 0x00000222018421a8]
Event: 39.706 Thread 0x000002221b09cf70 11098       3       org.jetbrains.kotlin.backend.jvm.ir.IrInlineReferenceLocator::visitDeclaration (13 bytes)
Event: 39.707 Thread 0x000002221b09cf70 nmethod 11098 0x0000022201842410 code [0x0000022201842640, 0x0000022201842f48]
Event: 39.707 Thread 0x000002221b09cf70 11099       3       org.jetbrains.kotlin.backend.jvm.ir.IrInlineReferenceLocator::visitElement (13 bytes)
Event: 39.708 Thread 0x000002221b09cf70 nmethod 11099 0x0000022201843210 code [0x00000222018433c0, 0x00000222018436a8]
Event: 39.708 Thread 0x000002221b09cf70 11100       3       org.jetbrains.kotlin.backend.common.IrElementTransformerVoidWithContext::visitProperty (38 bytes)
Event: 39.710 Thread 0x000002221b09cf70 nmethod 11100 0x0000022201843790 code [0x0000022201843c20, 0x0000022201845c28]
Event: 39.710 Thread 0x000002221b09cf70 11101       3       org.jetbrains.kotlin.backend.common.IrElementTransformerVoidWithContext::visitPropertyNew (12 bytes)
Event: 39.711 Thread 0x000002221b09cf70 nmethod 11101 0x0000022201846610 code [0x00000222018468a0, 0x0000022201847428]
Event: 39.711 Thread 0x000002221b09cf70 11097       3       org.jetbrains.kotlin.ir.visitors.IrElementTransformerVoid::visitConst (16 bytes)
Event: 39.712 Thread 0x000002221b09cf70 nmethod 11097 0x0000022201847810 code [0x0000022201847a20, 0x00000222018480a8]
Event: 39.712 Thread 0x000002221b09cf70 11095       3       org.jetbrains.kotlin.ir.visitors.IrElementTransformerVoid::visitMemberAccess (16 bytes)
Event: 39.713 Thread 0x000002221b09cf70 nmethod 11095 0x0000022201848310 code [0x0000022201848520, 0x0000022201848ba8]

GC Heap History (20 events):
Event: 8.890 GC heap before
{Heap before GC invocations=7 (full 0):
 garbage-first heap   total 49152K, used 19237K [0x0000000702800000, 0x0000000800000000)
  region size 2048K, 2 young (4096K), 1 survivors (2048K)
 Metaspace       used 35848K, committed 36096K, reserved 1114112K
  class space    used 4562K, committed 4672K, reserved 1048576K
}
Event: 8.895 GC heap after
{Heap after GC invocations=8 (full 0):
 garbage-first heap   total 49152K, used 19536K [0x0000000702800000, 0x0000000800000000)
  region size 2048K, 1 young (2048K), 1 survivors (2048K)
 Metaspace       used 35848K, committed 36096K, reserved 1114112K
  class space    used 4562K, committed 4672K, reserved 1048576K
}
Event: 9.626 GC heap before
{Heap before GC invocations=9 (full 0):
 garbage-first heap   total 49152K, used 33872K [0x0000000702800000, 0x0000000800000000)
  region size 2048K, 8 young (16384K), 1 survivors (2048K)
 Metaspace       used 38586K, committed 38784K, reserved 1114112K
  class space    used 4870K, committed 4928K, reserved 1048576K
}
Event: 9.631 GC heap after
{Heap after GC invocations=10 (full 0):
 garbage-first heap   total 49152K, used 21029K [0x0000000702800000, 0x0000000800000000)
  region size 2048K, 1 young (2048K), 1 survivors (2048K)
 Metaspace       used 38586K, committed 38784K, reserved 1114112K
  class space    used 4870K, committed 4928K, reserved 1048576K
}
Event: 9.686 GC heap before
{Heap before GC invocations=10 (full 0):
 garbage-first heap   total 49152K, used 23077K [0x0000000702800000, 0x0000000800000000)
  region size 2048K, 2 young (4096K), 1 survivors (2048K)
 Metaspace       used 39059K, committed 39296K, reserved 1114112K
  class space    used 4918K, committed 4992K, reserved 1048576K
}
Event: 9.694 GC heap after
{Heap after GC invocations=11 (full 0):
 garbage-first heap   total 49152K, used 19644K [0x0000000702800000, 0x0000000800000000)
  region size 2048K, 1 young (2048K), 1 survivors (2048K)
 Metaspace       used 39059K, committed 39296K, reserved 1114112K
  class space    used 4918K, committed 4992K, reserved 1048576K
}
Event: 10.349 GC heap before
{Heap before GC invocations=11 (full 0):
 garbage-first heap   total 49152K, used 33980K [0x0000000702800000, 0x0000000800000000)
  region size 2048K, 8 young (16384K), 1 survivors (2048K)
 Metaspace       used 41918K, committed 42112K, reserved 1114112K
  class space    used 5162K, committed 5248K, reserved 1048576K
}
Event: 10.357 GC heap after
{Heap after GC invocations=12 (full 0):
 garbage-first heap   total 155648K, used 21331K [0x0000000702800000, 0x0000000800000000)
  region size 2048K, 1 young (2048K), 1 survivors (2048K)
 Metaspace       used 41918K, committed 42112K, reserved 1114112K
  class space    used 5162K, committed 5248K, reserved 1048576K
}
Event: 16.679 GC heap before
{Heap before GC invocations=12 (full 0):
 garbage-first heap   total 155648K, used 111443K [0x0000000702800000, 0x0000000800000000)
  region size 2048K, 44 young (90112K), 1 survivors (2048K)
 Metaspace       used 52267K, committed 52544K, reserved 1114112K
  class space    used 6316K, committed 6464K, reserved 1048576K
}
Event: 16.707 GC heap after
{Heap after GC invocations=13 (full 0):
 garbage-first heap   total 155648K, used 36149K [0x0000000702800000, 0x0000000800000000)
  region size 2048K, 6 young (12288K), 6 survivors (12288K)
 Metaspace       used 52267K, committed 52544K, reserved 1114112K
  class space    used 6316K, committed 6464K, reserved 1048576K
}
Event: 21.663 GC heap before
{Heap before GC invocations=13 (full 0):
 garbage-first heap   total 155648K, used 97589K [0x0000000702800000, 0x0000000800000000)
  region size 2048K, 36 young (73728K), 6 survivors (12288K)
 Metaspace       used 56806K, committed 57088K, reserved 1114112K
  class space    used 6690K, committed 6848K, reserved 1048576K
}
Event: 21.702 GC heap after
{Heap after GC invocations=14 (full 0):
 garbage-first heap   total 155648K, used 46095K [0x0000000702800000, 0x0000000800000000)
  region size 2048K, 5 young (10240K), 5 survivors (10240K)
 Metaspace       used 56806K, committed 57088K, reserved 1114112K
  class space    used 6690K, committed 6848K, reserved 1048576K
}
Event: 23.653 GC heap before
{Heap before GC invocations=14 (full 0):
 garbage-first heap   total 155648K, used 80911K [0x0000000702800000, 0x0000000800000000)
  region size 2048K, 23 young (47104K), 5 survivors (10240K)
 Metaspace       used 60175K, committed 60416K, reserved 1114112K
  class space    used 7139K, committed 7296K, reserved 1048576K
}
Event: 23.683 GC heap after
{Heap after GC invocations=15 (full 0):
 garbage-first heap   total 155648K, used 50201K [0x0000000702800000, 0x0000000800000000)
  region size 2048K, 2 young (4096K), 2 survivors (4096K)
 Metaspace       used 60175K, committed 60416K, reserved 1114112K
  class space    used 7139K, committed 7296K, reserved 1048576K
}
Event: 31.596 GC heap before
{Heap before GC invocations=16 (full 0):
 garbage-first heap   total 155648K, used 109593K [0x0000000702800000, 0x0000000800000000)
  region size 2048K, 31 young (63488K), 2 survivors (4096K)
 Metaspace       used 66723K, committed 67008K, reserved 1114112K
  class space    used 7913K, committed 8064K, reserved 1048576K
}
Event: 31.631 GC heap after
{Heap after GC invocations=17 (full 0):
 garbage-first heap   total 155648K, used 59001K [0x0000000702800000, 0x0000000800000000)
  region size 2048K, 4 young (8192K), 4 survivors (8192K)
 Metaspace       used 66723K, committed 67008K, reserved 1114112K
  class space    used 7913K, committed 8064K, reserved 1048576K
}
Event: 36.538 GC heap before
{Heap before GC invocations=18 (full 0):
 garbage-first heap   total 155648K, used 114297K [0x0000000702800000, 0x0000000800000000)
  region size 2048K, 31 young (63488K), 4 survivors (8192K)
 Metaspace       used 70900K, committed 71168K, reserved 1114112K
  class space    used 8302K, committed 8448K, reserved 1048576K
}
Event: 36.578 GC heap after
{Heap after GC invocations=19 (full 0):
 garbage-first heap   total 155648K, used 68525K [0x0000000702800000, 0x0000000800000000)
  region size 2048K, 4 young (8192K), 4 survivors (8192K)
 Metaspace       used 70900K, committed 71168K, reserved 1114112K
  class space    used 8302K, committed 8448K, reserved 1048576K
}
Event: 39.348 GC heap before
{Heap before GC invocations=19 (full 0):
 garbage-first heap   total 155648K, used 117677K [0x0000000702800000, 0x0000000800000000)
  region size 2048K, 28 young (57344K), 4 survivors (8192K)
 Metaspace       used 76703K, committed 76992K, reserved 1179648K
  class space    used 8835K, committed 8960K, reserved 1048576K
}
Event: 39.380 GC heap after
{Heap after GC invocations=20 (full 0):
 garbage-first heap   total 155648K, used 74733K [0x0000000702800000, 0x0000000800000000)
  region size 2048K, 3 young (6144K), 3 survivors (6144K)
 Metaspace       used 76703K, committed 76992K, reserved 1179648K
  class space    used 8835K, committed 8960K, reserved 1048576K
}

Dll operation events (2 events):
Event: 0.027 Loaded shared library C:\Program Files\Android\Android Studio\jbr\bin\java.dll
Event: 5.538 Loaded shared library C:\Program Files\Android\Android Studio\jbr\bin\verify.dll

Deoptimization events (20 events):
Event: 39.536 Thread 0x000002227762e420 DEOPT PACKING pc=0x0000022208043c7c sp=0x00000096dd5fcd60
Event: 39.536 Thread 0x000002227762e420 DEOPT UNPACKING pc=0x00000222075869a3 sp=0x00000096dd5fccf0 mode 2
Event: 39.689 Thread 0x000002227762e420 DEOPT PACKING pc=0x00000222014e4924 sp=0x00000096dd5fcf90
Event: 39.689 Thread 0x000002227762e420 DEOPT UNPACKING pc=0x0000022207587143 sp=0x00000096dd5fc4b0 mode 0
Event: 39.690 Thread 0x000002227762e420 Uncommon trap: trap_request=0xffffffde fr.pc=0x0000022207fdcccc relative=0x00000000000006ac
Event: 39.690 Thread 0x000002227762e420 Uncommon trap: reason=class_check action=maybe_recompile pc=0x0000022207fdcccc method=org.jetbrains.kotlin.backend.common.UtilsKt.push(Ljava/util/List;Ljava/lang/Object;)Z @ 8 c2
Event: 39.690 Thread 0x000002227762e420 DEOPT PACKING pc=0x0000022207fdcccc sp=0x00000096dd5fd340
Event: 39.690 Thread 0x000002227762e420 DEOPT UNPACKING pc=0x00000222075869a3 sp=0x00000096dd5fd328 mode 2
Event: 39.691 Thread 0x000002227762e420 Uncommon trap: trap_request=0xffffffde fr.pc=0x0000022208004434 relative=0x0000000000000114
Event: 39.691 Thread 0x000002227762e420 Uncommon trap: reason=class_check action=maybe_recompile pc=0x0000022208004434 method=org.jetbrains.kotlin.backend.common.UtilsKt.pop(Ljava/util/List;)Ljava/lang/Object; @ 8 c2
Event: 39.691 Thread 0x000002227762e420 DEOPT PACKING pc=0x0000022208004434 sp=0x00000096dd5fd390
Event: 39.691 Thread 0x000002227762e420 DEOPT UNPACKING pc=0x00000222075869a3 sp=0x00000096dd5fd348 mode 2
Event: 39.705 Thread 0x000002227762e420 Uncommon trap: trap_request=0xffffff45 fr.pc=0x00000222080b4120 relative=0x0000000000000180
Event: 39.705 Thread 0x000002227762e420 Uncommon trap: reason=unstable_if action=reinterpret pc=0x00000222080b4120 method=org.jetbrains.kotlin.backend.jvm.ir.IrInlineReferenceLocator.visitElement(Lorg/jetbrains/kotlin/ir/IrElement;Lorg/jetbrains/kotlin/ir/declarations/IrDeclaration;)V @ 22 c2
Event: 39.705 Thread 0x000002227762e420 DEOPT PACKING pc=0x00000222080b4120 sp=0x00000096dd5fc530
Event: 39.706 Thread 0x000002227762e420 DEOPT UNPACKING pc=0x00000222075869a3 sp=0x00000096dd5fc310 mode 2
Event: 39.706 Thread 0x000002227762e420 Uncommon trap: trap_request=0xffffff45 fr.pc=0x00000222080b3c60 relative=0x0000000000000140
Event: 39.706 Thread 0x000002227762e420 Uncommon trap: reason=unstable_if action=reinterpret pc=0x00000222080b3c60 method=org.jetbrains.kotlin.backend.jvm.ir.IrInlineReferenceLocator.visitElement(Lorg/jetbrains/kotlin/ir/IrElement;Lorg/jetbrains/kotlin/ir/declarations/IrDeclaration;)V @ 22 c2
Event: 39.706 Thread 0x000002227762e420 DEOPT PACKING pc=0x00000222080b3c60 sp=0x00000096dd5fc150
Event: 39.706 Thread 0x000002227762e420 DEOPT UNPACKING pc=0x00000222075869a3 sp=0x00000096dd5fc068 mode 2

Classes unloaded (0 events):
No events

Classes redefined (0 events):
No events

Internal exceptions (20 events):
Event: 17.542 Thread 0x000002227762e420 Exception <a 'java/lang/NoSuchMethodError'{0x000000070b4b73a8}: 'java.lang.Object java.lang.invoke.DirectMethodHandle$Holder.invokeStaticInit(java.lang.Object, java.lang.Object, java.lang.Object)'> (0x000000070b4b73a8) 
thrown [s\src\hotspot\share\interpreter\linkResolver.cpp, line 771]
Event: 20.232 Thread 0x000002227762e420 Implicit null exception at 0x0000022207b1af6f to 0x0000022207b1b15c
Event: 20.232 Thread 0x000002227762e420 Implicit null exception at 0x0000022207b3050f to 0x0000022207b30589
Event: 21.298 Thread 0x000002227762e420 Exception <a 'java/lang/NoSuchMethodError'{0x000000070888acd8}: 'int java.lang.invoke.DirectMethodHandle$Holder.invokeStaticInit(java.lang.Object, int)'> (0x000000070888acd8) 
thrown [s\src\hotspot\share\interpreter\linkResolver.cpp, line 771]
Event: 22.367 Thread 0x000002227762e420 Implicit null exception at 0x0000022207c23c4c to 0x0000022207c23d54
Event: 22.400 Thread 0x000002227762e420 Implicit null exception at 0x0000022207be5360 to 0x0000022207be53fa
Event: 22.495 Thread 0x000002227762e420 Exception <a 'java/lang/NoSuchMethodError'{0x000000070ab53898}: 'java.lang.Object java.lang.invoke.DirectMethodHandle$Holder.invokeInterface(java.lang.Object, java.lang.Object, java.lang.Object)'> (0x000000070ab53898) 
thrown [s\src\hotspot\share\interpreter\linkResolver.cpp, line 771]
Event: 22.496 Thread 0x000002227762e420 Exception <a 'java/lang/IncompatibleClassChangeError'{0x000000070ab57208}: Found class java.lang.Object, but interface was expected> (0x000000070ab57208) 
thrown [s\src\hotspot\share\interpreter\linkResolver.cpp, line 838]
Event: 23.804 Thread 0x000002227762e420 Exception <a 'java/lang/NoSuchMethodError'{0x00000007125d13b8}: 'void java.lang.invoke.DirectMethodHandle$Holder.invokeSpecial(java.lang.Object, java.lang.Object, int, java.lang.Object)'> (0x00000007125d13b8) 
thrown [s\src\hotspot\share\interpreter\linkResolver.cpp, line 771]
Event: 23.851 Thread 0x000002227762e420 Exception <a 'java/lang/NoSuchMethodError'{0x0000000710441838}: 'java.lang.Object java.lang.invoke.DirectMethodHandle$Holder.invokeStatic(java.lang.Object, java.lang.Object, java.lang.Object, java.lang.Object, int)'> (0x0000000710441838) 
thrown [s\src\hotspot\share\interpreter\linkResolver.cpp, line 771]
Event: 23.854 Thread 0x000002227762e420 Exception <a 'java/lang/NoSuchMethodError'{0x000000071044b428}: 'java.lang.Object java.lang.invoke.DirectMethodHandle$Holder.newInvokeSpecial(java.lang.Object, java.lang.Object, java.lang.Object, java.lang.Object, int)'> (0x000000071044b428) 
thrown [s\src\hotspot\share\interpreter\linkResolver.cpp, line 771]
Event: 23.890 Thread 0x000002227762e420 Exception <a 'java/lang/NoSuchMethodError'{0x00000007104534f8}: 'java.lang.Object java.lang.invoke.Invokers$Holder.linkToTargetMethod(java.lang.Object, java.lang.Object, java.lang.Object, int, java.lang.Object)'> (0x00000007104534f8) 
thrown [s\src\hotspot\share\interpreter\linkResolver.cpp, line 771]
Event: 24.031 Thread 0x000002227762e420 Exception <a 'java/lang/NoSuchMethodError'{0x0000000710232bc0}: 'void java.lang.invoke.DirectMethodHandle$Holder.invokeInterface(java.lang.Object, java.lang.Object)'> (0x0000000710232bc0) 
thrown [s\src\hotspot\share\interpreter\linkResolver.cpp, line 771]
Event: 24.263 Thread 0x000002227762e420 Exception <a 'java/lang/IncompatibleClassChangeError'{0x00000007103e7290}: Found class java.lang.Object, but interface was expected> (0x00000007103e7290) 
thrown [s\src\hotspot\share\interpreter\linkResolver.cpp, line 838]
Event: 26.274 Thread 0x000002227762e420 Implicit null exception at 0x0000022207be3a40 to 0x0000022207be43b8
Event: 26.305 Thread 0x000002227762e420 Exception <a 'java/lang/NoSuchMethodError'{0x000000070aec9a70}: 'java.lang.Object java.lang.invoke.DirectMethodHandle$Holder.newInvokeSpecial(java.lang.Object, int, java.lang.Object, java.lang.Object)'> (0x000000070aec9a70) 
thrown [s\src\hotspot\share\interpreter\linkResolver.cpp, line 771]
Event: 26.591 Thread 0x000002227762e420 Exception <a 'java/lang/NoSuchMethodError'{0x000000070ad8db80}: 'java.lang.Object java.lang.invoke.DirectMethodHandle$Holder.newInvokeSpecial(java.lang.Object, java.lang.Object, java.lang.Object, java.lang.Object, java.lang.Object, java.lang.Object, java.lang.Object, java.lang.Object)'> (0x000000070ad8db80) 
thrown [s\src\hotspot\share\interpreter\linkResolver.cpp, line 771]
Event: 26.592 Thread 0x000002227762e420 Exception <a 'java/lang/NoSuchMethodError'{0x000000070ad93198}: 'java.lang.Object java.lang.invoke.DirectMethodHandle$Holder.invokeSpecial(java.lang.Object, java.lang.Object, java.lang.Object, java.lang.Object, java.lang.Object, java.lang.Object, java.lang.Object, java.lang.Object, java.lang.Object)'> (0x000000070ad93198) 
thrown [s\src\hotspot\share\interpreter\linkResolver.cpp, line 771]
Event: 26.593 Thread 0x000002227762e420 Exception <a 'java/lang/NoSuchMethodError'{0x000000070ad980c8}: 'java.lang.Object java.lang.invoke.Invokers$Holder.linkToTargetMethod(java.lang.Object, java.lang.Object, java.lang.Object, java.lang.Object, java.lang.Object, java.lang.Object, java.lang.Object, java.lang.Object)'> (0x000000070ad980c8) 
thrown [s\src\hotspot\share\interpreter\linkResolver.cpp, line 771]
Event: 39.516 Thread 0x000002227762e420 Implicit null exception at 0x00000222080954b5 to 0x0000022208095712

VM Operations (20 events):
Event: 38.080 Executing VM operation: HandshakeAllThreads
Event: 38.080 Executing VM operation: HandshakeAllThreads done
Event: 38.088 Executing VM operation: HandshakeAllThreads
Event: 38.089 Executing VM operation: HandshakeAllThreads done
Event: 38.271 Executing VM operation: ICBufferFull
Event: 38.271 Executing VM operation: ICBufferFull done
Event: 38.800 Executing VM operation: ICBufferFull
Event: 38.800 Executing VM operation: ICBufferFull done
Event: 38.934 Executing VM operation: HandshakeAllThreads
Event: 38.935 Executing VM operation: HandshakeAllThreads done
Event: 39.347 Executing VM operation: G1CollectForAllocation
Event: 39.380 Executing VM operation: G1CollectForAllocation done
Event: 39.403 Executing VM operation: HandshakeAllThreads
Event: 39.404 Executing VM operation: HandshakeAllThreads done
Event: 39.405 Executing VM operation: HandshakeAllThreads
Event: 39.405 Executing VM operation: HandshakeAllThreads done
Event: 39.414 Executing VM operation: HandshakeAllThreads
Event: 39.414 Executing VM operation: HandshakeAllThreads done
Event: 39.507 Executing VM operation: HandshakeAllThreads
Event: 39.507 Executing VM operation: HandshakeAllThreads done

Events (20 events):
Event: 36.289 Thread 0x000002221b0a07d0 flushing nmethod 0x00000222014e3e10
Event: 36.289 Thread 0x000002221b0a07d0 flushing nmethod 0x00000222014f8a10
Event: 36.289 Thread 0x000002221b0a07d0 flushing nmethod 0x00000222014fdd90
Event: 36.289 Thread 0x000002221b0a07d0 flushing nmethod 0x0000022201500d10
Event: 36.289 Thread 0x000002221b0a07d0 flushing nmethod 0x0000022201512610
Event: 36.289 Thread 0x000002221b0a07d0 flushing nmethod 0x0000022201520990
Event: 36.289 Thread 0x000002221b0a07d0 flushing nmethod 0x0000022201530290
Event: 36.289 Thread 0x000002221b0a07d0 flushing nmethod 0x0000022201552f90
Event: 36.290 Thread 0x000002221b0a07d0 flushing nmethod 0x0000022201591690
Event: 36.290 Thread 0x000002221b0a07d0 flushing nmethod 0x00000222015c4210
Event: 36.290 Thread 0x000002221b0a07d0 flushing nmethod 0x00000222015e1790
Event: 36.290 Thread 0x000002221b0a07d0 flushing nmethod 0x00000222015ff990
Event: 36.290 Thread 0x000002221b0a07d0 flushing nmethod 0x0000022201628810
Event: 36.291 Thread 0x000002221b0a07d0 flushing nmethod 0x000002220168a390
Event: 36.291 Thread 0x000002221b0a07d0 flushing nmethod 0x000002220169c190
Event: 36.477 Thread 0x000002221d621d80 Thread exited: 0x000002221d621d80
Event: 36.683 Thread 0x000002221c7ce6f0 Thread added: 0x000002221c7ce6f0
Event: 38.938 Thread 0x000002221b0a07d0 flushing nmethod 0x0000022207f90210
Event: 38.947 Thread 0x000002221b0a07d0 flushing nmethod 0x000002220092ab10
Event: 38.957 Thread 0x000002221b0a07d0 flushing nmethod 0x0000022201426c90


Dynamic libraries:
0x00007ff6bfda0000 - 0x00007ff6bfdaa000 	C:\Program Files\Android\Android Studio\jbr\bin\java.exe
0x00007ff9b4bd0000 - 0x00007ff9b4dc8000 	C:\Windows\SYSTEM32\ntdll.dll
0x00007ff9b3860000 - 0x00007ff9b3922000 	C:\Windows\System32\KERNEL32.DLL
0x00007ff9b2690000 - 0x00007ff9b298e000 	C:\Windows\System32\KERNELBASE.dll
0x00007ff9b2390000 - 0x00007ff9b2490000 	C:\Windows\System32\ucrtbase.dll
0x00007ff99df50000 - 0x00007ff99df67000 	C:\Program Files\Android\Android Studio\jbr\bin\jli.dll
0x00007ff9b3520000 - 0x00007ff9b36bd000 	C:\Windows\System32\USER32.dll
0x00007ff9b2b10000 - 0x00007ff9b2b32000 	C:\Windows\System32\win32u.dll
0x00007ff9b4ab0000 - 0x00007ff9b4adb000 	C:\Windows\System32\GDI32.dll
0x00007ff9b2270000 - 0x00007ff9b2387000 	C:\Windows\System32\gdi32full.dll
0x00007ff9b25f0000 - 0x00007ff9b268d000 	C:\Windows\System32\msvcp_win.dll
0x00007ff999610000 - 0x00007ff9998aa000 	C:\Windows\WinSxS\amd64_microsoft.windows.common-controls_6595b64144ccf1df_6.0.19041.4355_none_60b8b9eb71f62e16\COMCTL32.dll
0x00007ff9b3140000 - 0x00007ff9b31de000 	C:\Windows\System32\msvcrt.dll
0x00007ff9ac450000 - 0x00007ff9ac46b000 	C:\Program Files\Android\Android Studio\jbr\bin\VCRUNTIME140.dll
0x00007ff9b4a60000 - 0x00007ff9b4a8f000 	C:\Windows\System32\IMM32.DLL
0x00007ff99df30000 - 0x00007ff99df3c000 	C:\Program Files\Android\Android Studio\jbr\bin\vcruntime140_1.dll
0x00007ff98dc80000 - 0x00007ff98dd0d000 	C:\Program Files\Android\Android Studio\jbr\bin\msvcp140.dll
0x00007ff96ff30000 - 0x00007ff970bb3000 	C:\Program Files\Android\Android Studio\jbr\bin\server\jvm.dll
0x00007ff9b3e10000 - 0x00007ff9b3ec2000 	C:\Windows\System32\ADVAPI32.dll
0x00007ff9b4010000 - 0x00007ff9b40b0000 	C:\Windows\System32\sechost.dll
0x00007ff9b3ed0000 - 0x00007ff9b3ff3000 	C:\Windows\System32\RPCRT4.dll
0x00007ff9b2a70000 - 0x00007ff9b2a97000 	C:\Windows\System32\bcrypt.dll
0x00007ff9b2020000 - 0x00007ff9b206b000 	C:\Windows\SYSTEM32\POWRPROF.dll
0x00007ff99c880000 - 0x00007ff99c889000 	C:\Windows\SYSTEM32\WSOCK32.dll
0x00007ff9b37f0000 - 0x00007ff9b385b000 	C:\Windows\System32\WS2_32.dll
0x00007ff99da90000 - 0x00007ff99dab7000 	C:\Windows\SYSTEM32\WINMM.dll
0x00007ff9a94e0000 - 0x00007ff9a94ea000 	C:\Windows\SYSTEM32\VERSION.dll
0x00007ff9b2000000 - 0x00007ff9b2012000 	C:\Windows\SYSTEM32\UMPDC.dll
0x00007ff9b0a50000 - 0x00007ff9b0a62000 	C:\Windows\SYSTEM32\kernel.appcore.dll
0x00007ff9ac620000 - 0x00007ff9ac62a000 	C:\Program Files\Android\Android Studio\jbr\bin\jimage.dll
0x00007ff9aff30000 - 0x00007ff9b0114000 	C:\Windows\SYSTEM32\DBGHELP.DLL
0x00007ff98ff90000 - 0x00007ff98ffc4000 	C:\Windows\SYSTEM32\dbgcore.DLL
0x00007ff9b29e0000 - 0x00007ff9b2a62000 	C:\Windows\System32\bcryptPrimitives.dll
0x00007ff99e4a0000 - 0x00007ff99e4c5000 	C:\Program Files\Android\Android Studio\jbr\bin\java.dll
0x00007ff9ac430000 - 0x00007ff9ac448000 	C:\Program Files\Android\Android Studio\jbr\bin\zip.dll
0x00007ff9b40b0000 - 0x00007ff9b481f000 	C:\Windows\System32\SHELL32.dll
0x00007ff9b0290000 - 0x00007ff9b0a34000 	C:\Windows\SYSTEM32\windows.storage.dll
0x00007ff9b2d80000 - 0x00007ff9b30d3000 	C:\Windows\System32\combase.dll
0x00007ff9b1af0000 - 0x00007ff9b1b1e000 	C:\Windows\SYSTEM32\Wldp.dll
0x00007ff9b3290000 - 0x00007ff9b335d000 	C:\Windows\System32\OLEAUT32.dll
0x00007ff9b4ae0000 - 0x00007ff9b4b8d000 	C:\Windows\System32\SHCORE.dll
0x00007ff9b2d20000 - 0x00007ff9b2d75000 	C:\Windows\System32\shlwapi.dll
0x00007ff9b21a0000 - 0x00007ff9b21c4000 	C:\Windows\SYSTEM32\profapi.dll
0x00007ff9ac3b0000 - 0x00007ff9ac3c9000 	C:\Program Files\Android\Android Studio\jbr\bin\net.dll
0x00007ff9a7390000 - 0x00007ff9a749d000 	C:\Windows\SYSTEM32\WINHTTP.dll
0x00007ff9b18d0000 - 0x00007ff9b193a000 	C:\Windows\system32\mswsock.dll
0x00007ff9ab680000 - 0x00007ff9ab696000 	C:\Program Files\Android\Android Studio\jbr\bin\nio.dll
0x00007ff99e3e0000 - 0x00007ff99e3f0000 	C:\Program Files\Android\Android Studio\jbr\bin\verify.dll

dbghelp: loaded successfully - version: 4.0.5 - missing functions: none
symbol engine: initialized successfully - sym options: 0x614 - pdb path: .;C:\Program Files\Android\Android Studio\jbr\bin;C:\Windows\SYSTEM32;C:\Windows\WinSxS\amd64_microsoft.windows.common-controls_6595b64144ccf1df_6.0.19041.4355_none_60b8b9eb71f62e16;C:\Program Files\Android\Android Studio\jbr\bin\server

VM Arguments:
java_command: org.jetbrains.kotlin.cli.jvm.K2JVMCompiler @C:\Users\Mturee\AndroidStudioProjects\Melicious\app\build\20241101_14436907011061431979.compiler.options
java_class_path (initial): C:\Users\Mturee\.gradle\caches\modules-2\files-2.1\org.jetbrains.kotlin\kotlin-compiler-embeddable\1.9.0\2c8c3a7402becca891f12739b3e9fd2dc2adbd7a\kotlin-compiler-embeddable-1.9.0.jar;C:\Users\Mturee\.gradle\caches\modules-2\files-2.1\org.jetbrains.kotlin\kotlin-stdlib\1.9.0\8ee15ef0c67dc83d874f412d84378d7f0eb50b63\kotlin-stdlib-1.9.0.jar;C:\Users\Mturee\.gradle\caches\modules-2\files-2.1\org.jetbrains.kotlin\kotlin-script-runtime\1.9.0\4b3102cbbb7e1b58d9d1adf89563f00069ffa7d1\kotlin-script-runtime-1.9.0.jar;C:\Users\Mturee\.gradle\caches\modules-2\files-2.1\org.jetbrains.kotlin\kotlin-reflect\1.6.10\1cbe9c92c12a94eea200d23c2bbaedaf3daf5132\kotlin-reflect-1.6.10.jar;C:\Users\Mturee\.gradle\caches\modules-2\files-2.1\org.jetbrains.kotlin\kotlin-daemon-embeddable\1.9.0\186543f5e28cf8d9a0290fecc2cf34301c40a65c\kotlin-daemon-embeddable-1.9.0.jar;C:\Users\Mturee\.gradle\caches\modules-2\files-2.1\org.jetbrains.intellij.deps\trove4j\1.0.20200330\3afb14d5f9ceb459d724e907a21145e8ff394f02\trove4j-1.0.20200330.jar;C:\Users\Mturee\.gradle\caches\modules-2\files-2.1\org.jetbrains.kotlin\kotlin-stdlib-common\1.9.0\cd65c21cfd1eec4d44ef09f9f52b6d9f8a720636\kotlin-stdlib-common-1.9.0.jar;C:\Users\Mturee\.gradle\caches\modules-2\files-2.1\org.jetbrains\annotations\13.0\919f0dfe192fb4e063e7dacadee7f8bb9a2672a9\annotations-13.0.jar
Launcher Type: SUN_STANDARD

[Global flags]
     intx CICompilerCount                          = 3                                         {product} {ergonomic}
     uint ConcGCThreads                            = 1                                         {product} {ergonomic}
     uint G1ConcRefinementThreads                  = 4                                         {product} {ergonomic}
   size_t G1HeapRegionSize                         = 2097152                                   {product} {ergonomic}
    uintx GCDrainStackTargetSize                   = 64                                        {product} {ergonomic}
   size_t InitialHeapSize                          = 266338304                                 {product} {ergonomic}
   size_t MarkStackSize                            = 4194304                                   {product} {ergonomic}
   size_t MaxHeapSize                              = 4253024256                                {product} {ergonomic}
   size_t MaxNewSize                               = 2550136832                                {product} {ergonomic}
   size_t MinHeapDeltaBytes                        = 2097152                                   {product} {ergonomic}
   size_t MinHeapSize                              = 8388608                                   {product} {ergonomic}
    uintx NonNMethodCodeHeapSize                   = 5832780                                {pd product} {ergonomic}
    uintx NonProfiledCodeHeapSize                  = 122912730                              {pd product} {ergonomic}
    uintx ProfiledCodeHeapSize                     = 122912730                              {pd product} {ergonomic}
    uintx ReservedCodeCacheSize                    = 251658240                              {pd product} {ergonomic}
     bool SegmentedCodeCache                       = true                                      {product} {ergonomic}
   size_t SoftMaxHeapSize                          = 4253024256                             {manageable} {ergonomic}
     bool UseCompressedClassPointers               = true                           {product lp64_product} {ergonomic}
     bool UseCompressedOops                        = true                           {product lp64_product} {ergonomic}
     bool UseG1GC                                  = true                                      {product} {ergonomic}
     bool UseLargePagesIndividualAllocation        = false                                  {pd product} {ergonomic}

Logging:
Log output configuration:
 #0: stdout all=warning uptime,level,tags
 #1: stderr all=off uptime,level,tags

Environment Variables:
JAVA_HOME=C:\Program Files\Java\jre1.8.0_421
PATH=C:\oraclexe\app\oracle\product\11.2.0\server\bin;;C:\Program Files (x86)\Common Files\Oracle\Java\java8path;C:\Program Files (x86)\Common Files\Oracle\Java\javapath;C:\Windows\system32;C:\Windows;C:\Windows\System32\Wbem;C:\Windows\System32\WindowsPowerShell\v1.0\;C:\Program Files\dotnet\;C:\Windows\System32\OpenSSH\;C:\Program Files\Java\jre1.8.0_421\bin;C:\Program Files\Git\cmd;C:\Program Files\Common Files\Autodesk Shared\;C:\Program Files\Microsoft SQL Server\150\Tools\Binn\;C:\Users\Mturee\AppData\Local\Microsoft\WindowsApps;C:\Users\Mturee\AppData\Local\Programs\Microsoft VS Code\bin
USERNAME=Mturee
OS=Windows_NT
PROCESSOR_IDENTIFIER=Intel64 Family 6 Model 142 Stepping 9, GenuineIntel
TMP=C:\Users\Mturee\AppData\Local\Temp
TEMP=C:\Users\Mturee\AppData\Local\Temp



Periodic native trim disabled

JNI global refs:
JNI global refs: 10, weak refs: 5

JNI global refs memory usage: 843, weak refs: 841

Process memory usage:
Resident Set Size: 365416K (2% of 16612908K total physical memory with 564488K free physical memory)

OOME stack traces (most recent first):
Classloader memory used:
Loader jdk.internal.loader.ClassLoaders$AppClassLoader                                 : 8227K
Loader bootstrap                                                                       : 1392K
Loader java.net.URLClassLoader                                                         : 23145B
Loader jdk.internal.reflect.DelegatingClassLoader                                      : 20287B
Loader jdk.internal.loader.ClassLoaders$PlatformClassLoader                            : 2276B


---------------  S Y S T E M  ---------------

OS:
 Windows 10 , 64 bit Build 19041 (10.0.19041.4957)
OS uptime: 0 days 13:32 hours
Hyper-V role detected

CPU: total 4 (initial active 4) (2 cores per cpu, 2 threads per core) family 6 model 142 stepping 9 microcode 0xea, cx8, cmov, fxsr, ht, mmx, 3dnowpref, sse, sse2, sse3, ssse3, sse4.1, sse4.2, popcnt, lzcnt, tsc, tscinvbit, avx, avx2, aes, erms, clmul, bmi1, bmi2, rtm, adx, fma, vzeroupper, clflush, clflushopt, hv
Processor Information for processor 0
  Max Mhz: 2712, Current Mhz: 1406, Mhz Limit: 2603
Processor Information for processor 1
  Max Mhz: 2712, Current Mhz: 2611, Mhz Limit: 2603
Processor Information for processor 2
  Max Mhz: 2712, Current Mhz: 1406, Mhz Limit: 2603
Processor Information for processor 3
  Max Mhz: 2712, Current Mhz: 1406, Mhz Limit: 2603

Memory: 4k page, system-wide physical 16223M (551M free)
TotalPageFile size 21830M (AvailPageFile size 5M)
current process WorkingSet (physical memory assigned to process): 356M, peak: 356M
current process commit charge ("private bytes"): 387M, peak: 390M

vm_info: OpenJDK 64-Bit Server VM (17.0.11+0--11852314) for windows-amd64 JRE (17.0.11+0--11852314), built on May 16 2024 21:29:20 by "androidbuild" with MS VC++ 16.10 / 16.11 (VS2019)

END.
